<?xml version="1.0" encoding="UTF-8"?>
<!-- Generated by org.testng.reporters.JUnitReportReporter -->
<testsuite hostname="IBM554-PC0CQCEA" name="com.guru99bank.tests.LoginTests" tests="2" failures="0" timestamp="14 Oct 2016 18:36:04 GMT" time="3.342" errors="0">
  <testcase name="Login" time="1.486" classname="com.guru99bank.tests.LoginTests"/>
  <testcase name="pageLoad" time="1.856" classname="com.guru99bank.tests.LoginTests"/>
</testsuite> <!-- com.guru99bank.tests.LoginTests -->
